<?xml version="1.0" encoding="UTF-8"?>
<!-- Generated by org.testng.reporters.JUnitReportReporter -->
<testsuite hostname="Mypc" name="testng.bsicAnnotations" tests="3" failures="0" timestamp="11 Sep 2016 07:25:51 GMT" time="0.025" errors="0">
  <testcase name="function1" time="0.013" classname="testng.bsicAnnotations"/>
  <testcase name="a" time="0.005" classname="testng.bsicAnnotations"/>
  <testcase name="function2" time="0.007" classname="testng.bsicAnnotations"/>
</testsuite> <!-- testng.bsicAnnotations -->
