<?xml version="1.0" encoding="UTF-8"?>
<!-- Generated by org.testng.reporters.JUnitReportReporter -->
<testsuite hostname="Mypc" name="testng.empregtest" tests="1" failures="0" timestamp="11 Sep 2016 07:56:08 GMT" time="6.323" errors="0">
  <testcase name="org_Empreg" time="6.323" classname="testng.empregtest"/>
</testsuite> <!-- testng.empregtest -->
