<?xml version="1.0" encoding="UTF-8"?>
<!-- Generated by org.testng.reporters.JUnitReportReporter -->
<testsuite hostname="Mypc" name="POM.loginTc" tests="1" failures="0" timestamp="11 Sep 2016 09:42:50 GMT" time="9.298" errors="0">
  <testcase name="org_LoginTC" time="9.298" classname="POM.loginTc"/>
</testsuite> <!-- POM.loginTc -->
